DEBUG:urllib3.connectionpool:Starting new HTTPS connection (1): api.hh.ru:443
DEBUG:urllib3.connectionpool:https://api.hh.ru:443 "GET /vacancies?area=113&per_page=5&only_with_salary=True&text= HTTP/1.1" 400 146
DEBUG:root:Request URL: https://api.hh.ru/vacancies?area=113&per_page=5&only_with_salary=True&text=
DEBUG:root:Response JSON: {'description': 'Bad User-Agent header', 'errors': [{'value': 'blacklisted', 'type': 'bad_user_agent'}], 'request_id': '17422956107648eba3f48cf669565b59'}
DEBUG:urllib3.connectionpool:Starting new HTTPS connection (1): api.hh.ru:443
DEBUG:urllib3.connectionpool:https://api.hh.ru:443 "GET /vacancies?area=113&per_page=5&only_with_salary=True&text=%25D0%259C%25D0%25B5%25D0%25BD%25D0%25B5%25D0%25B4%25D0%25B6%25D0%25B5%25D1%2580 HTTP/1.1" 400 146
DEBUG:root:Request: https://api.hh.ru/vacancies?area=113&per_page=5&only_with_salary=True&text=%25D0%259C%25D0%25B5%25D0%25BD%25D0%25B5%25D0%25B4%25D0%25B6%25D0%25B5%25D1%2580
DEBUG:root:Headers: {'User-Agent': 'MyApp/1.0 (skapincev.15@mail.ru)', 'Accept-Encoding': 'gzip, deflate', 'Accept': '*/*', 'Connection': 'keep-alive', 'HH-User-Agent': 'MyApp/1.0 (skapincev.15@mail.ru)'}
ERROR:root:Request failed: 400 Client Error: Bad Request for url: https://api.hh.ru/vacancies?area=113&per_page=5&only_with_salary=True&text=%25D0%259C%25D0%25B5%25D0%25BD%25D0%25B5%25D0%25B4%25D0%25B6%25D0%25B5%25D1%2580
DEBUG:urllib3.connectionpool:Starting new HTTPS connection (1): api.hh.ru:443
DEBUG:urllib3.connectionpool:https://api.hh.ru:443 "GET /vacancies?area=113&per_page=5&only_with_salary=true&text=%25D0%259C%25D0%25B5%25D0%25BD%25D0%25B5%25D0%25B4%25D0%25B6%25D0%25B5%25D1%2580 HTTP/1.1" 400 146
DEBUG:urllib3.connectionpool:Starting new HTTPS connection (1): api.hh.ru:443
DEBUG:urllib3.connectionpool:https://api.hh.ru:443 "GET /vacancies?text=%25D0%259C%25D0%25B5%25D0%25BD%25D0%25B5%25D0%25B4%25D0%25B6%25D0%25B5%25D1%2580&area=113&per_page=100&only_with_salary=true HTTP/1.1" 400 146
DEBUG:urllib3.connectionpool:Starting new HTTPS connection (1): api.hh.ru:443
DEBUG:urllib3.connectionpool:https://api.hh.ru:443 "GET /vacancies?text=%25D0%259C%25D0%25B5%25D0%25BD%25D0%25B5%25D0%25B4%25D0%25B6%25D0%25B5%25D1%2580&area=113&per_page=100&only_with_salary=true HTTP/1.1" 400 146
DEBUG:urllib3.connectionpool:Starting new HTTPS connection (1): api.hh.ru:443
DEBUG:urllib3.connectionpool:https://api.hh.ru:443 "GET /vacancies?text=%25D0%259C%25D0%25B5%25D0%25BD%25D0%25B5%25D0%25B4%25D0%25B6%25D0%25B5%25D1%2580&area=113&per_page=100&only_with_salary=true HTTP/1.1" 400 146
DEBUG:urllib3.connectionpool:Starting new HTTPS connection (1): api.hh.ru:443
DEBUG:urllib3.connectionpool:https://api.hh.ru:443 "GET /vacancies?text=%25D0%259C%25D0%25B5%25D0%25BD%25D0%25B5%25D0%25B4%25D0%25B6%25D0%25B5%25D1%2580&area=113&per_page=5&only_with_salary=true HTTP/1.1" 400 146
DEBUG:urllib3.connectionpool:Starting new HTTPS connection (1): api.hh.ru:443
DEBUG:urllib3.connectionpool:https://api.hh.ru:443 "GET /vacancies?text=%25D0%259C%25D0%25B5%25D0%25BD%25D0%25B5%25D0%25B4%25D0%25B6%25D0%25B5%25D1%2580&area=113&per_page=5&only_with_salary=true HTTP/1.1" 200 317
DEBUG:urllib3.connectionpool:Starting new HTTPS connection (1): api.hh.ru:443
DEBUG:urllib3.connectionpool:https://api.hh.ru:443 "GET /vacancies?text=%25D0%25BC%25D0%25B5%25D0%25BD%25D0%25B5%25D0%25B4%25D0%25B6%25D0%25B5%25D1%2580&area=113&per_page=5&only_with_salary=true HTTP/1.1" 200 317
